# JRE version: OpenJDK Runtime Environment Temurin-21.0.8+9 (21.0.8+9) (build 21.0.8+9-LTS)
# Java VM: OpenJDK 64-Bit Server VM Temurin-21.0.8+9 (21.0.8+9-LTS, mixed mode, sharing, tiered, compressed oops, compressed class ptrs, parallel gc, windows-amd64)
GC Precious Log:
 CardTable entry size: 512
 CPUs: 12 total, 12 available
 Memory: 7916M
 Large Page Support: Disabled
 NUMA Support: Disabled
 Compressed Oops: Enabled (32-bit)
 Alignments: Space 512K, Generation 512K, Heap 2M
 Heap Min Capacity: 100M
 Heap Initial Capacity: 100M
 Heap Max Capacity: 2G
 Pre-touch: Disabled
 Parallel Workers: 10
Heap:
 PSYoungGen      total 16384K, used 7301K [0x00000000d5580000, 0x00000000d6680000, 0x0000000100000000)
  eden space 14336K, 48% used [0x00000000d5580000,0x00000000d5c49578,0x00000000d6380000)
  from space 2048K, 17% used [0x00000000d6380000,0x00000000d63d8020,0x00000000d6580000)
  to   space 1024K, 0% used [0x00000000d6580000,0x00000000d6580000,0x00000000d6680000)
 ParOldGen       total 729600K, used 729432K [0x0000000080000000, 0x00000000ac880000, 0x00000000d5580000)
  object space 729600K, 99% used [0x0000000080000000,0x00000000ac856028,0x00000000ac880000)
 Metaspace       used 79419K, committed 81088K, reserved 1179648K
  class space    used 9715K, committed 10496K, reserved 1048576K
GC Heap History (20 events):
Event: 113.599 GC heap before
{Heap before GC invocations=2014 (full 4):
 PSYoungGen      total 8192K, used 8175K [0x00000000d5580000, 0x00000000d6480000, 0x0000000100000000)
  eden space 4096K, 100% used [0x00000000d5580000,0x00000000d5980000,0x00000000d5980000)
  from space 4096K, 99% used [0x00000000d5980000,0x00000000d5d7bd08,0x00000000d5d80000)
  to   space 5120K, 0% used [0x00000000d5f80000,0x00000000d5f80000,0x00000000d6480000)
 ParOldGen       total 696832K, used 696685K [0x0000000080000000, 0x00000000aa880000, 0x00000000d5580000)
  object space 696832K, 99% used [0x0000000080000000,0x00000000aa85b520,0x00000000aa880000)
 Metaspace       used 78837K, committed 80384K, reserved 1179648K
  class space    used 9663K, committed 10368K, reserved 1048576K
}
Event: 113.610 GC heap after
{Heap after GC invocations=2014 (full 4):
 PSYoungGen      total 9728K, used 4224K [0x00000000d5580000, 0x00000000d6400000, 0x0000000100000000)
  eden space 5120K, 0% used [0x00000000d5580000,0x00000000d5580000,0x00000000d5a80000)
  from space 4608K, 91% used [0x00000000d5f80000,0x00000000d63a0000,0x00000000d6400000)
  to   space 4608K, 0% used [0x00000000d5b00000,0x00000000d5b00000,0x00000000d5f80000)
 ParOldGen       total 700928K, used 700788K [0x0000000080000000, 0x00000000aac80000, 0x00000000d5580000)
  object space 700928K, 99% used [0x0000000080000000,0x00000000aac5d228,0x00000000aac80000)
 Metaspace       used 78837K, committed 80384K, reserved 1179648K
  class space    used 9663K, committed 10368K, reserved 1048576K
}
Event: 113.636 GC heap before
{Heap before GC invocations=2015 (full 4):
 PSYoungGen      total 9728K, used 8688K [0x00000000d5580000, 0x00000000d6400000, 0x0000000100000000)
  eden space 5120K, 87% used [0x00000000d5580000,0x00000000d59dc3c0,0x00000000d5a80000)
  from space 4608K, 91% used [0x00000000d5f80000,0x00000000d63a0000,0x00000000d6400000)
  to   space 4608K, 0% used [0x00000000d5b00000,0x00000000d5b00000,0x00000000d5f80000)
 ParOldGen       total 700928K, used 700788K [0x0000000080000000, 0x00000000aac80000, 0x00000000d5580000)
  object space 700928K, 99% used [0x0000000080000000,0x00000000aac5d228,0x00000000aac80000)
 Metaspace       used 78837K, committed 80384K, reserved 1179648K
  class space    used 9663K, committed 10368K, reserved 1048576K
}
Event: 113.642 GC heap after
{Heap after GC invocations=2015 (full 4):
 PSYoungGen      total 8192K, used 2250K [0x00000000d5580000, 0x00000000d6180000, 0x0000000100000000)
  eden space 5632K, 0% used [0x00000000d5580000,0x00000000d5580000,0x00000000d5b00000)
  from space 2560K, 87% used [0x00000000d5b00000,0x00000000d5d32a30,0x00000000d5d80000)
  to   space 3072K, 0% used [0x00000000d5e80000,0x00000000d5e80000,0x00000000d6180000)
 ParOldGen       total 705024K, used 704940K [0x0000000080000000, 0x00000000ab080000, 0x00000000d5580000)
  object space 705024K, 99% used [0x0000000080000000,0x00000000ab06b228,0x00000000ab080000)
 Metaspace       used 78837K, committed 80384K, reserved 1179648K
  class space    used 9663K, committed 10368K, reserved 1048576K
}
Event: 113.786 GC heap before
{Heap before GC invocations=2016 (full 4):
 PSYoungGen      total 8192K, used 7882K [0x00000000d5580000, 0x00000000d6180000, 0x0000000100000000)
  eden space 5632K, 100% used [0x00000000d5580000,0x00000000d5b00000,0x00000000d5b00000)
  from space 2560K, 87% used [0x00000000d5b00000,0x00000000d5d32a30,0x00000000d5d80000)
  to   space 3072K, 0% used [0x00000000d5e80000,0x00000000d5e80000,0x00000000d6180000)
 ParOldGen       total 705024K, used 704940K [0x0000000080000000, 0x00000000ab080000, 0x00000000d5580000)
  object space 705024K, 99% used [0x0000000080000000,0x00000000ab06b228,0x00000000ab080000)
 Metaspace       used 78837K, committed 80384K, reserved 1179648K
  class space    used 9663K, committed 10368K, reserved 1048576K
}
Event: 113.791 GC heap after
{Heap after GC invocations=2016 (full 4):
 PSYoungGen      total 9728K, used 2282K [0x00000000d5580000, 0x00000000d6180000, 0x0000000100000000)
  eden space 6656K, 0% used [0x00000000d5580000,0x00000000d5580000,0x00000000d5c00000)
  from space 3072K, 74% used [0x00000000d5e80000,0x00000000d60bab90,0x00000000d6180000)
  to   space 2560K, 0% used [0x00000000d5c00000,0x00000000d5c00000,0x00000000d5e80000)
 ParOldGen       total 709120K, used 708712K [0x0000000080000000, 0x00000000ab480000, 0x00000000d5580000)
  object space 709120K, 99% used [0x0000000080000000,0x00000000ab41a3d0,0x00000000ab480000)
 Metaspace       used 78837K, committed 80384K, reserved 1179648K
  class space    used 9663K, committed 10368K, reserved 1048576K
}
Event: 113.819 GC heap before
{Heap before GC invocations=2017 (full 4):
 PSYoungGen      total 9728K, used 8938K [0x00000000d5580000, 0x00000000d6180000, 0x0000000100000000)
  eden space 6656K, 100% used [0x00000000d5580000,0x00000000d5c00000,0x00000000d5c00000)
  from space 3072K, 74% used [0x00000000d5e80000,0x00000000d60bab90,0x00000000d6180000)
  to   space 2560K, 0% used [0x00000000d5c00000,0x00000000d5c00000,0x00000000d5e80000)
 ParOldGen       total 709120K, used 708712K [0x0000000080000000, 0x00000000ab480000, 0x00000000d5580000)
  object space 709120K, 99% used [0x0000000080000000,0x00000000ab41a3d0,0x00000000ab480000)
 Metaspace       used 78837K, committed 80384K, reserved 1179648K
  class space    used 9663K, committed 10368K, reserved 1048576K
}
Event: 113.823 GC heap after
{Heap after GC invocations=2017 (full 4):
 PSYoungGen      total 9216K, used 2362K [0x00000000d5580000, 0x00000000d6280000, 0x0000000100000000)
  eden space 6656K, 0% used [0x00000000d5580000,0x00000000d5580000,0x00000000d5c00000)
  from space 2560K, 92% used [0x00000000d5c00000,0x00000000d5e4ea60,0x00000000d5e80000)
  to   space 2560K, 0% used [0x00000000d6000000,0x00000000d6000000,0x00000000d6280000)
 ParOldGen       total 710656K, used 710080K [0x0000000080000000, 0x00000000ab600000, 0x00000000d5580000)
  object space 710656K, 99% used [0x0000000080000000,0x00000000ab5703e0,0x00000000ab600000)
 Metaspace       used 78837K, committed 80384K, reserved 1179648K
  class space    used 9663K, committed 10368K, reserved 1048576K
}
Event: 113.856 GC heap before
{Heap before GC invocations=2018 (full 4):
 PSYoungGen      total 9216K, used 9017K [0x00000000d5580000, 0x00000000d6280000, 0x0000000100000000)
  eden space 6656K, 99% used [0x00000000d5580000,0x00000000d5bffb08,0x00000000d5c00000)
  from space 2560K, 92% used [0x00000000d5c00000,0x00000000d5e4ea60,0x00000000d5e80000)
  to   space 2560K, 0% used [0x00000000d6000000,0x00000000d6000000,0x00000000d6280000)
 ParOldGen       total 710656K, used 710088K [0x0000000080000000, 0x00000000ab600000, 0x00000000d5580000)
  object space 710656K, 99% used [0x0000000080000000,0x00000000ab5723f0,0x00000000ab600000)
 Metaspace       used 78891K, committed 80448K, reserved 1179648K
  class space    used 9675K, committed 10368K, reserved 1048576K
}
Event: 113.862 GC heap after
{Heap after GC invocations=2018 (full 4):
 PSYoungGen      total 10752K, used 2452K [0x00000000d5580000, 0x00000000d6280000, 0x0000000100000000)
  eden space 8192K, 0% used [0x00000000d5580000,0x00000000d5580000,0x00000000d5d80000)
  from space 2560K, 95% used [0x00000000d6000000,0x00000000d6265168,0x00000000d6280000)
  to   space 2560K, 0% used [0x00000000d5d80000,0x00000000d5d80000,0x00000000d6000000)
 ParOldGen       total 712192K, used 711970K [0x0000000080000000, 0x00000000ab780000, 0x00000000d5580000)
  object space 712192K, 99% used [0x0000000080000000,0x00000000ab748938,0x00000000ab780000)
 Metaspace       used 78891K, committed 80448K, reserved 1179648K
  class space    used 9675K, committed 10368K, reserved 1048576K
}
Event: 113.902 GC heap before
{Heap before GC invocations=2019 (full 4):
 PSYoungGen      total 10752K, used 10644K [0x00000000d5580000, 0x00000000d6280000, 0x0000000100000000)
  eden space 8192K, 100% used [0x00000000d5580000,0x00000000d5d80000,0x00000000d5d80000)
  from space 2560K, 95% used [0x00000000d6000000,0x00000000d6265168,0x00000000d6280000)
  to   space 2560K, 0% used [0x00000000d5d80000,0x00000000d5d80000,0x00000000d6000000)
 ParOldGen       total 712192K, used 711974K [0x0000000080000000, 0x00000000ab780000, 0x00000000d5580000)
  object space 712192K, 99% used [0x0000000080000000,0x00000000ab749b48,0x00000000ab780000)
 Metaspace       used 78995K, committed 80640K, reserved 1179648K
  class space    used 9686K, committed 10432K, reserved 1048576K
}
Event: 113.909 GC heap after
{Heap after GC invocations=2019 (full 4):
 PSYoungGen      total 10752K, used 2544K [0x00000000d5580000, 0x00000000d7280000, 0x0000000100000000)
  eden space 8192K, 0% used [0x00000000d5580000,0x00000000d5580000,0x00000000d5d80000)
  from space 2560K, 99% used [0x00000000d5d80000,0x00000000d5ffc158,0x00000000d6000000)
  to   space 9728K, 0% used [0x00000000d6900000,0x00000000d6900000,0x00000000d7280000)
 ParOldGen       total 718336K, used 718018K [0x0000000080000000, 0x00000000abd80000, 0x00000000d5580000)
  object space 718336K, 99% used [0x0000000080000000,0x00000000abd30a80,0x00000000abd80000)
 Metaspace       used 78995K, committed 80640K, reserved 1179648K
  class space    used 9686K, committed 10432K, reserved 1048576K
}
Event: 113.915 GC heap before
{Heap before GC invocations=2020 (full 4):
 PSYoungGen      total 10752K, used 10736K [0x00000000d5580000, 0x00000000d7280000, 0x0000000100000000)
  eden space 8192K, 100% used [0x00000000d5580000,0x00000000d5d80000,0x00000000d5d80000)
  from space 2560K, 99% used [0x00000000d5d80000,0x00000000d5ffc158,0x00000000d6000000)
  to   space 9728K, 0% used [0x00000000d6900000,0x00000000d6900000,0x00000000d7280000)
 ParOldGen       total 718336K, used 718018K [0x0000000080000000, 0x00000000abd80000, 0x00000000d5580000)
  object space 718336K, 99% used [0x0000000080000000,0x00000000abd30a80,0x00000000abd80000)
 Metaspace       used 79000K, committed 80640K, reserved 1179648K
  class space    used 9686K, committed 10432K, reserved 1048576K
}
Event: 113.923 GC heap after
{Heap after GC invocations=2020 (full 4):
 PSYoungGen      total 18432K, used 7886K [0x00000000d5580000, 0x00000000d7100000, 0x0000000100000000)
  eden space 10240K, 0% used [0x00000000d5580000,0x00000000d5580000,0x00000000d5f80000)
  from space 8192K, 96% used [0x00000000d6900000,0x00000000d70b3a60,0x00000000d7100000)
  to   space 8192K, 0% used [0x00000000d6100000,0x00000000d6100000,0x00000000d6900000)
 ParOldGen       total 720896K, used 720590K [0x0000000080000000, 0x00000000ac000000, 0x00000000d5580000)
  object space 720896K, 99% used [0x0000000080000000,0x00000000abfb3908,0x00000000ac000000)
 Metaspace       used 79000K, committed 80640K, reserved 1179648K
  class space    used 9686K, committed 10432K, reserved 1048576K
}
Event: 113.970 GC heap before
{Heap before GC invocations=2021 (full 4):
 PSYoungGen      total 18432K, used 18124K [0x00000000d5580000, 0x00000000d7100000, 0x0000000100000000)
  eden space 10240K, 99% used [0x00000000d5580000,0x00000000d5f7f998,0x00000000d5f80000)
  from space 8192K, 96% used [0x00000000d6900000,0x00000000d70b3a60,0x00000000d7100000)
  to   space 8192K, 0% used [0x00000000d6100000,0x00000000d6100000,0x00000000d6900000)
 ParOldGen       total 720896K, used 720590K [0x0000000080000000, 0x00000000ac000000, 0x00000000d5580000)
  object space 720896K, 99% used [0x0000000080000000,0x00000000abfb3908,0x00000000ac000000)
 Metaspace       used 79088K, committed 80704K, reserved 1179648K
  class space    used 9692K, committed 10432K, reserved 1048576K
}
Event: 113.976 GC heap after
{Heap after GC invocations=2021 (full 4):
 PSYoungGen      total 13824K, used 2041K [0x00000000d5580000, 0x00000000d6a80000, 0x0000000100000000)
  eden space 11776K, 0% used [0x00000000d5580000,0x00000000d5580000,0x00000000d6100000)
  from space 2048K, 99% used [0x00000000d6100000,0x00000000d62fe778,0x00000000d6300000)
  to   space 4608K, 0% used [0x00000000d6600000,0x00000000d6600000,0x00000000d6a80000)
 ParOldGen       total 727552K, used 727388K [0x0000000080000000, 0x00000000ac680000, 0x00000000d5580000)
  object space 727552K, 99% used [0x0000000080000000,0x00000000ac6572c8,0x00000000ac680000)
 Metaspace       used 79088K, committed 80704K, reserved 1179648K
  class space    used 9692K, committed 10432K, reserved 1048576K
}
Event: 114.109 GC heap before
{Heap before GC invocations=2022 (full 4):
 PSYoungGen      total 13824K, used 13755K [0x00000000d5580000, 0x00000000d6a80000, 0x0000000100000000)
  eden space 11776K, 99% used [0x00000000d5580000,0x00000000d60f05d0,0x00000000d6100000)
  from space 2048K, 99% used [0x00000000d6100000,0x00000000d62fe778,0x00000000d6300000)
  to   space 4608K, 0% used [0x00000000d6600000,0x00000000d6600000,0x00000000d6a80000)
 ParOldGen       total 727552K, used 727388K [0x0000000080000000, 0x00000000ac680000, 0x00000000d5580000)
  object space 727552K, 99% used [0x0000000080000000,0x00000000ac6572c8,0x00000000ac680000)
 Metaspace       used 79246K, committed 80896K, reserved 1179648K
  class space    used 9708K, committed 10432K, reserved 1048576K
}
Event: 114.113 GC heap after
{Heap after GC invocations=2022 (full 4):
 PSYoungGen      total 15872K, used 745K [0x00000000d5580000, 0x00000000d6780000, 0x0000000100000000)
  eden space 14336K, 0% used [0x00000000d5580000,0x00000000d5580000,0x00000000d6380000)
  from space 1536K, 48% used [0x00000000d6600000,0x00000000d66ba470,0x00000000d6780000)
  to   space 2048K, 0% used [0x00000000d6380000,0x00000000d6380000,0x00000000d6580000)
 ParOldGen       total 729600K, used 729280K [0x0000000080000000, 0x00000000ac880000, 0x00000000d5580000)
  object space 729600K, 99% used [0x0000000080000000,0x00000000ac830008,0x00000000ac880000)
 Metaspace       used 79246K, committed 80896K, reserved 1179648K
  class space    used 9708K, committed 10432K, reserved 1048576K
}
Event: 7747.582 GC heap before
{Heap before GC invocations=2023 (full 4):
 PSYoungGen      total 15872K, used 15081K [0x00000000d5580000, 0x00000000d6780000, 0x0000000100000000)
  eden space 14336K, 99% used [0x00000000d5580000,0x00000000d637fff0,0x00000000d6380000)
  from space 1536K, 48% used [0x00000000d6600000,0x00000000d66ba470,0x00000000d6780000)
  to   space 2048K, 0% used [0x00000000d6380000,0x00000000d6380000,0x00000000d6580000)
 ParOldGen       total 729600K, used 729280K [0x0000000080000000, 0x00000000ac880000, 0x00000000d5580000)
  object space 729600K, 99% used [0x0000000080000000,0x00000000ac830008,0x00000000ac880000)
 Metaspace       used 79398K, committed 81088K, reserved 1179648K
  class space    used 9715K, committed 10496K, reserved 1048576K
}
Event: 7748.367 GC heap after
{Heap after GC invocations=2023 (full 4):
 PSYoungGen      total 16384K, used 352K [0x00000000d5580000, 0x00000000d6680000, 0x0000000100000000)
  eden space 14336K, 0% used [0x00000000d5580000,0x00000000d5580000,0x00000000d6380000)
  from space 2048K, 17% used [0x00000000d6380000,0x00000000d63d8020,0x00000000d6580000)
  to   space 1024K, 0% used [0x00000000d6580000,0x00000000d6580000,0x00000000d6680000)
 ParOldGen       total 729600K, used 729432K [0x0000000080000000, 0x00000000ac880000, 0x00000000d5580000)
  object space 729600K, 99% used [0x0000000080000000,0x00000000ac856028,0x00000000ac880000)
 Metaspace       used 79398K, committed 81088K, reserved 1179648K
  class space    used 9715K, committed 10496K, reserved 1048576K
}

